2026-02-02 23:36:17,948 [Worker-5: Loading available Gradle versions] INFO  o.e.b.c.i.u.g.PublishedGradleVersions - Gradle version information cache is not available. Remote download required.
2026-02-02 23:37:48,451 [Worker-5: Importing Maven projects] INFO  o.e.m.c.i.l.LifecycleMappingFactory - Using org.eclipse.m2e.jdt.JarLifecycleMapping lifecycle mapping for MavenProject: com.evcharger:evcharger-api:0.0.1-SNAPSHOT @ D:\final p\Fina dot plus front\EVChargerSpringBoot\pom.xml.
2026-02-02 23:37:55,819 [Worker-5: Importing Maven projects] INFO  o.e.m.j.i.AbstractJavaProjectConfigurator - Adding source folder /EVChargerSpringBoot/src/main/java
2026-02-02 23:37:55,821 [Worker-5: Importing Maven projects] INFO  o.e.m.j.i.AbstractJavaProjectConfigurator - Adding resource folder /EVChargerSpringBoot/src/main/resources
2026-02-02 23:37:55,823 [Worker-5: Importing Maven projects] INFO  o.e.m.j.i.AbstractJavaProjectConfigurator - Adding resource folder /EVChargerSpringBoot/src/main/resources
2026-02-02 23:37:55,825 [Worker-5: Importing Maven projects] INFO  o.e.m.j.i.AbstractJavaProjectConfigurator - Adding source folder /EVChargerSpringBoot/src/test/java
2026-02-02 23:37:55,826 [Worker-5: Importing Maven projects] INFO  o.e.m.j.i.AbstractJavaProjectConfigurator - Adding resource folder /EVChargerSpringBoot/src/test/resources
2026-02-02 23:37:56,522 [Worker-5: Importing Maven projects] INFO  o.e.m.c.i.p.ProjectConfigurationManager - Imported and configured 1 project(s) in 11 sec
2026-02-02 23:37:56,646 [Worker-11: Updating Maven Project] INFO  o.e.m.c.i.p.ProjectConfigurationManager - Update started
2026-02-02 23:37:57,467 [Worker-11: Updating Maven Project] INFO  o.e.m.c.i.l.LifecycleMappingFactory - Using org.eclipse.m2e.jdt.JarLifecycleMapping lifecycle mapping for MavenProject: com.evcharger:evcharger-api:0.0.1-SNAPSHOT @ D:\final p\Fina dot plus front\EVChargerSpringBoot\pom.xml.
2026-02-02 23:37:59,138 [Worker-11: Updating Maven Project] INFO  o.e.m.j.i.AbstractJavaProjectConfigurator - Adding source folder /EVChargerSpringBoot/src/main/java
2026-02-02 23:37:59,139 [Worker-11: Updating Maven Project] INFO  o.e.m.j.i.AbstractJavaProjectConfigurator - Adding resource folder /EVChargerSpringBoot/src/main/resources
2026-02-02 23:37:59,140 [Worker-11: Updating Maven Project] INFO  o.e.m.j.i.AbstractJavaProjectConfigurator - Adding resource folder /EVChargerSpringBoot/src/main/resources
2026-02-02 23:37:59,140 [Worker-11: Updating Maven Project] INFO  o.e.m.j.i.AbstractJavaProjectConfigurator - Adding source folder /EVChargerSpringBoot/src/test/java
2026-02-02 23:37:59,141 [Worker-11: Updating Maven Project] INFO  o.e.m.j.i.AbstractJavaProjectConfigurator - Adding resource folder /EVChargerSpringBoot/src/test/resources
2026-02-02 23:37:59,747 [Worker-11: Updating Maven Project] INFO  o.e.m.c.i.p.ProjectConfigurationManager - Update completed for 1 poms: local refresh takes 0.00 sec, refresh facades takes 2.00 sec, update config takes 0.00 sec 
2026-02-02 23:38:01,043 [Worker-11: Building] INFO  o.a.m.s.f.DefaultMavenResourcesFiltering - Copying 1 resource from src\main\resources to target\classes
2026-02-02 23:38:01,062 [Worker-11: Building] INFO  o.a.m.s.f.DefaultMavenResourcesFiltering - Copying 0 resource from src\main\resources to target\classes
2026-02-02 23:38:01,068 [Worker-11: Building] INFO  o.a.m.s.f.DefaultMavenResourcesFiltering - skip non existing resourceDirectory D:\final p\Fina dot plus front\EVChargerSpringBoot\src\test\resources
2026-02-02 23:40:28,073 [main] INFO  o.e.m2e.actions.ExecutePomAction - Creating new launch configuration
2026-02-02 23:40:35,275 [Worker-1: Launching EVChargerSpringBoot] INFO  o.eclipse.m2e.core.internal.Bundles - getClasspathEntries(Bundle=org.eclipse.m2e.maven.runtime_3.9.900.20250220-2013 [361])
2026-02-02 23:40:35,276 [Worker-1: Launching EVChargerSpringBoot] INFO  o.eclipse.m2e.core.internal.Bundles - 	Entry: C:\Users\Lenovo\Desktop\Cdac Codes\WPJ Module\sts-4.30.0.RELEASE\plugins\org.eclipse.m2e.maven.runtime_3.9.900.20250220-2013
2026-02-02 23:40:35,276 [Worker-1: Launching EVChargerSpringBoot] INFO  o.eclipse.m2e.core.internal.Bundles - 	Entry: C:\Users\Lenovo\Desktop\Cdac Codes\WPJ Module\sts-4.30.0.RELEASE\plugins\org.eclipse.m2e.maven.runtime_3.9.900.20250220-2013\jars\aopalliance-1.0.jar
2026-02-02 23:40:35,277 [Worker-1: Launching EVChargerSpringBoot] INFO  o.eclipse.m2e.core.internal.Bundles - 	Entry: C:\Users\Lenovo\Desktop\Cdac Codes\WPJ Module\sts-4.30.0.RELEASE\plugins\org.eclipse.m2e.maven.runtime_3.9.900.20250220-2013\jars\guice-5.1.0.jar
2026-02-02 23:40:35,277 [Worker-1: Launching EVChargerSpringBoot] INFO  o.eclipse.m2e.core.internal.Bundles - 	Entry: C:\Users\Lenovo\Desktop\Cdac Codes\WPJ Module\sts-4.30.0.RELEASE\plugins\org.eclipse.m2e.maven.runtime_3.9.900.20250220-2013\jars\httpclient-4.5.14.jar
2026-02-02 23:40:35,277 [Worker-1: Launching EVChargerSpringBoot] INFO  o.eclipse.m2e.core.internal.Bundles - 	Entry: C:\Users\Lenovo\Desktop\Cdac Codes\WPJ Module\sts-4.30.0.RELEASE\plugins\org.eclipse.m2e.maven.runtime_3.9.900.20250220-2013\jars\httpcore-4.4.16.jar
2026-02-02 23:40:35,277 [Worker-1: Launching EVChargerSpringBoot] INFO  o.eclipse.m2e.core.internal.Bundles - 	Entry: C:\Users\Lenovo\Desktop\Cdac Codes\WPJ Module\sts-4.30.0.RELEASE\plugins\org.eclipse.m2e.maven.runtime_3.9.900.20250220-2013\jars\jansi-2.4.1.jar
2026-02-02 23:40:35,277 [Worker-1: Launching EVChargerSpringBoot] INFO  o.eclipse.m2e.core.internal.Bundles - 	Entry: C:\Users\Lenovo\Desktop\Cdac Codes\WPJ Module\sts-4.30.0.RELEASE\plugins\org.eclipse.m2e.maven.runtime_3.9.900.20250220-2013\jars\jcl-over-slf4j-1.7.36.jar
2026-02-02 23:40:35,277 [Worker-1: Launching EVChargerSpringBoot] INFO  o.eclipse.m2e.core.internal.Bundles - 	Entry: C:\Users\Lenovo\Desktop\Cdac Codes\WPJ Module\sts-4.30.0.RELEASE\plugins\org.eclipse.m2e.maven.runtime_3.9.900.20250220-2013\jars\maven-artifact-3.9.9.jar
2026-02-02 23:40:35,278 [Worker-1: Launching EVChargerSpringBoot] INFO  o.eclipse.m2e.core.internal.Bundles - 	Entry: C:\Users\Lenovo\Desktop\Cdac Codes\WPJ Module\sts-4.30.0.RELEASE\plugins\org.eclipse.m2e.maven.runtime_3.9.900.20250220-2013\jars\maven-builder-support-3.9.9.jar
2026-02-02 23:40:35,278 [Worker-1: Launching EVChargerSpringBoot] INFO  o.eclipse.m2e.core.internal.Bundles - 	Entry: C:\Users\Lenovo\Desktop\Cdac Codes\WPJ Module\sts-4.30.0.RELEASE\plugins\org.eclipse.m2e.maven.runtime_3.9.900.20250220-2013\jars\maven-compat-3.9.9.jar
2026-02-02 23:40:35,278 [Worker-1: Launching EVChargerSpringBoot] INFO  o.eclipse.m2e.core.internal.Bundles - 	Entry: C:\Users\Lenovo\Desktop\Cdac Codes\WPJ Module\sts-4.30.0.RELEASE\plugins\org.eclipse.m2e.maven.runtime_3.9.900.20250220-2013\jars\maven-core-3.9.9.jar
2026-02-02 23:40:35,278 [Worker-1: Launching EVChargerSpringBoot] INFO  o.eclipse.m2e.core.internal.Bundles - 	Entry: C:\Users\Lenovo\Desktop\Cdac Codes\WPJ Module\sts-4.30.0.RELEASE\plugins\org.eclipse.m2e.maven.runtime_3.9.900.20250220-2013\jars\maven-embedder-3.9.9.jar
2026-02-02 23:40:35,278 [Worker-1: Launching EVChargerSpringBoot] INFO  o.eclipse.m2e.core.internal.Bundles - 	Entry: C:\Users\Lenovo\Desktop\Cdac Codes\WPJ Module\sts-4.30.0.RELEASE\plugins\org.eclipse.m2e.maven.runtime_3.9.900.20250220-2013\jars\maven-model-3.9.9.jar
2026-02-02 23:40:35,278 [Worker-1: Launching EVChargerSpringBoot] INFO  o.eclipse.m2e.core.internal.Bundles - 	Entry: C:\Users\Lenovo\Desktop\Cdac Codes\WPJ Module\sts-4.30.0.RELEASE\plugins\org.eclipse.m2e.maven.runtime_3.9.900.20250220-2013\jars\maven-model-builder-3.9.9.jar
2026-02-02 23:40:35,279 [Worker-1: Launching EVChargerSpringBoot] INFO  o.eclipse.m2e.core.internal.Bundles - 	Entry: C:\Users\Lenovo\Desktop\Cdac Codes\WPJ Module\sts-4.30.0.RELEASE\plugins\org.eclipse.m2e.maven.runtime_3.9.900.20250220-2013\jars\maven-plugin-api-3.9.9.jar
2026-02-02 23:40:35,279 [Worker-1: Launching EVChargerSpringBoot] INFO  o.eclipse.m2e.core.internal.Bundles - 	Entry: C:\Users\Lenovo\Desktop\Cdac Codes\WPJ Module\sts-4.30.0.RELEASE\plugins\org.eclipse.m2e.maven.runtime_3.9.900.20250220-2013\jars\maven-repository-metadata-3.9.9.jar
2026-02-02 23:40:35,279 [Worker-1: Launching EVChargerSpringBoot] INFO  o.eclipse.m2e.core.internal.Bundles - 	Entry: C:\Users\Lenovo\Desktop\Cdac Codes\WPJ Module\sts-4.30.0.RELEASE\plugins\org.eclipse.m2e.maven.runtime_3.9.900.20250220-2013\jars\maven-resolver-api-1.9.22.jar
2026-02-02 23:40:35,279 [Worker-1: Launching EVChargerSpringBoot] INFO  o.eclipse.m2e.core.internal.Bundles - 	Entry: C:\Users\Lenovo\Desktop\Cdac Codes\WPJ Module\sts-4.30.0.RELEASE\plugins\org.eclipse.m2e.maven.runtime_3.9.900.20250220-2013\jars\maven-resolver-connector-basic-1.9.22.jar
2026-02-02 23:40:35,279 [Worker-1: Launching EVChargerSpringBoot] INFO  o.eclipse.m2e.core.internal.Bundles - 	Entry: C:\Users\Lenovo\Desktop\Cdac Codes\WPJ Module\sts-4.30.0.RELEASE\plugins\org.eclipse.m2e.maven.runtime_3.9.900.20250220-2013\jars\maven-resolver-impl-1.9.22.jar
2026-02-02 23:40:35,279 [Worker-1: Launching EVChargerSpringBoot] INFO  o.eclipse.m2e.core.internal.Bundles - 	Entry: C:\Users\Lenovo\Desktop\Cdac Codes\WPJ Module\sts-4.30.0.RELEASE\plugins\org.eclipse.m2e.maven.runtime_3.9.900.20250220-2013\jars\maven-resolver-named-locks-1.9.22.jar
2026-02-02 23:40:35,280 [Worker-1: Launching EVChargerSpringBoot] INFO  o.eclipse.m2e.core.internal.Bundles - 	Entry: C:\Users\Lenovo\Desktop\Cdac Codes\WPJ Module\sts-4.30.0.RELEASE\plugins\org.eclipse.m2e.maven.runtime_3.9.900.20250220-2013\jars\maven-resolver-provider-3.9.9.jar
2026-02-02 23:40:35,280 [Worker-1: Launching EVChargerSpringBoot] INFO  o.eclipse.m2e.core.internal.Bundles - 	Entry: C:\Users\Lenovo\Desktop\Cdac Codes\WPJ Module\sts-4.30.0.RELEASE\plugins\org.eclipse.m2e.maven.runtime_3.9.900.20250220-2013\jars\maven-resolver-spi-1.9.22.jar
2026-02-02 23:40:35,280 [Worker-1: Launching EVChargerSpringBoot] INFO  o.eclipse.m2e.core.internal.Bundles - 	Entry: C:\Users\Lenovo\Desktop\Cdac Codes\WPJ Module\sts-4.30.0.RELEASE\plugins\org.eclipse.m2e.maven.runtime_3.9.900.20250220-2013\jars\maven-resolver-transport-file-1.9.22.jar
2026-02-02 23:40:35,280 [Worker-1: Launching EVChargerSpringBoot] INFO  o.eclipse.m2e.core.internal.Bundles - 	Entry: C:\Users\Lenovo\Desktop\Cdac Codes\WPJ Module\sts-4.30.0.RELEASE\plugins\org.eclipse.m2e.maven.runtime_3.9.900.20250220-2013\jars\maven-resolver-transport-http-1.9.22.jar
2026-02-02 23:40:35,280 [Worker-1: Launching EVChargerSpringBoot] INFO  o.eclipse.m2e.core.internal.Bundles - 	Entry: C:\Users\Lenovo\Desktop\Cdac Codes\WPJ Module\sts-4.30.0.RELEASE\plugins\org.eclipse.m2e.maven.runtime_3.9.900.20250220-2013\jars\maven-resolver-transport-wagon-1.9.22.jar
2026-02-02 23:40:35,280 [Worker-1: Launching EVChargerSpringBoot] INFO  o.eclipse.m2e.core.internal.Bundles - 	Entry: C:\Users\Lenovo\Desktop\Cdac Codes\WPJ Module\sts-4.30.0.RELEASE\plugins\org.eclipse.m2e.maven.runtime_3.9.900.20250220-2013\jars\maven-resolver-util-1.9.22.jar
2026-02-02 23:40:35,280 [Worker-1: Launching EVChargerSpringBoot] INFO  o.eclipse.m2e.core.internal.Bundles - 	Entry: C:\Users\Lenovo\Desktop\Cdac Codes\WPJ Module\sts-4.30.0.RELEASE\plugins\org.eclipse.m2e.maven.runtime_3.9.900.20250220-2013\jars\maven-settings-3.9.9.jar
2026-02-02 23:40:35,281 [Worker-1: Launching EVChargerSpringBoot] INFO  o.eclipse.m2e.core.internal.Bundles - 	Entry: C:\Users\Lenovo\Desktop\Cdac Codes\WPJ Module\sts-4.30.0.RELEASE\plugins\org.eclipse.m2e.maven.runtime_3.9.900.20250220-2013\jars\maven-settings-builder-3.9.9.jar
2026-02-02 23:40:35,281 [Worker-1: Launching EVChargerSpringBoot] INFO  o.eclipse.m2e.core.internal.Bundles - 	Entry: C:\Users\Lenovo\Desktop\Cdac Codes\WPJ Module\sts-4.30.0.RELEASE\plugins\org.eclipse.m2e.maven.runtime_3.9.900.20250220-2013\jars\maven-shared-utils-3.4.2.jar
2026-02-02 23:40:35,281 [Worker-1: Launching EVChargerSpringBoot] INFO  o.eclipse.m2e.core.internal.Bundles - 	Entry: C:\Users\Lenovo\Desktop\Cdac Codes\WPJ Module\sts-4.30.0.RELEASE\plugins\org.eclipse.m2e.maven.runtime_3.9.900.20250220-2013\jars\org.eclipse.sisu.inject-0.9.0.M3.jar
2026-02-02 23:40:35,281 [Worker-1: Launching EVChargerSpringBoot] INFO  o.eclipse.m2e.core.internal.Bundles - 	Entry: C:\Users\Lenovo\Desktop\Cdac Codes\WPJ Module\sts-4.30.0.RELEASE\plugins\org.eclipse.m2e.maven.runtime_3.9.900.20250220-2013\jars\org.eclipse.sisu.plexus-0.9.0.M3.jar
2026-02-02 23:40:35,281 [Worker-1: Launching EVChargerSpringBoot] INFO  o.eclipse.m2e.core.internal.Bundles - 	Entry: C:\Users\Lenovo\Desktop\Cdac Codes\WPJ Module\sts-4.30.0.RELEASE\plugins\org.eclipse.m2e.maven.runtime_3.9.900.20250220-2013\jars\plexus-build-api-0.0.7.jar
2026-02-02 23:40:35,281 [Worker-1: Launching EVChargerSpringBoot] INFO  o.eclipse.m2e.core.internal.Bundles - 	Entry: C:\Users\Lenovo\Desktop\Cdac Codes\WPJ Module\sts-4.30.0.RELEASE\plugins\org.eclipse.m2e.maven.runtime_3.9.900.20250220-2013\jars\plexus-build-api-1.2.0.jar
2026-02-02 23:40:35,281 [Worker-1: Launching EVChargerSpringBoot] INFO  o.eclipse.m2e.core.internal.Bundles - 	Entry: C:\Users\Lenovo\Desktop\Cdac Codes\WPJ Module\sts-4.30.0.RELEASE\plugins\org.eclipse.m2e.maven.runtime_3.9.900.20250220-2013\jars\plexus-cipher-2.0.jar
2026-02-02 23:40:35,282 [Worker-1: Launching EVChargerSpringBoot] INFO  o.eclipse.m2e.core.internal.Bundles - 	Entry: C:\Users\Lenovo\Desktop\Cdac Codes\WPJ Module\sts-4.30.0.RELEASE\plugins\org.eclipse.m2e.maven.runtime_3.9.900.20250220-2013\jars\plexus-classworlds-2.8.0.jar
2026-02-02 23:40:35,282 [Worker-1: Launching EVChargerSpringBoot] INFO  o.eclipse.m2e.core.internal.Bundles - 	Entry: C:\Users\Lenovo\Desktop\Cdac Codes\WPJ Module\sts-4.30.0.RELEASE\plugins\org.eclipse.m2e.maven.runtime_3.9.900.20250220-2013\jars\plexus-component-annotations-2.1.0.jar
2026-02-02 23:40:35,282 [Worker-1: Launching EVChargerSpringBoot] INFO  o.eclipse.m2e.core.internal.Bundles - 	Entry: C:\Users\Lenovo\Desktop\Cdac Codes\WPJ Module\sts-4.30.0.RELEASE\plugins\org.eclipse.m2e.maven.runtime_3.9.900.20250220-2013\jars\plexus-interpolation-1.27.jar
2026-02-02 23:40:35,282 [Worker-1: Launching EVChargerSpringBoot] INFO  o.eclipse.m2e.core.internal.Bundles - 	Entry: C:\Users\Lenovo\Desktop\Cdac Codes\WPJ Module\sts-4.30.0.RELEASE\plugins\org.eclipse.m2e.maven.runtime_3.9.900.20250220-2013\jars\plexus-sec-dispatcher-2.0.jar
2026-02-02 23:40:35,282 [Worker-1: Launching EVChargerSpringBoot] INFO  o.eclipse.m2e.core.internal.Bundles - 	Entry: C:\Users\Lenovo\Desktop\Cdac Codes\WPJ Module\sts-4.30.0.RELEASE\plugins\org.eclipse.m2e.maven.runtime_3.9.900.20250220-2013\jars\plexus-utils-3.5.1.jar
2026-02-02 23:40:35,282 [Worker-1: Launching EVChargerSpringBoot] INFO  o.eclipse.m2e.core.internal.Bundles - 	Entry: C:\Users\Lenovo\Desktop\Cdac Codes\WPJ Module\sts-4.30.0.RELEASE\plugins\org.eclipse.m2e.maven.runtime_3.9.900.20250220-2013\jars\plexus-xml-3.0.1.jar
2026-02-02 23:40:35,283 [Worker-1: Launching EVChargerSpringBoot] INFO  o.eclipse.m2e.core.internal.Bundles - 	Entry: C:\Users\Lenovo\Desktop\Cdac Codes\WPJ Module\sts-4.30.0.RELEASE\plugins\org.eclipse.m2e.maven.runtime_3.9.900.20250220-2013\jars\wagon-file-3.5.3.jar
2026-02-02 23:40:35,283 [Worker-1: Launching EVChargerSpringBoot] INFO  o.eclipse.m2e.core.internal.Bundles - 	Entry: C:\Users\Lenovo\Desktop\Cdac Codes\WPJ Module\sts-4.30.0.RELEASE\plugins\org.eclipse.m2e.maven.runtime_3.9.900.20250220-2013\jars\wagon-http-3.5.3.jar
2026-02-02 23:40:35,283 [Worker-1: Launching EVChargerSpringBoot] INFO  o.eclipse.m2e.core.internal.Bundles - 	Entry: C:\Users\Lenovo\Desktop\Cdac Codes\WPJ Module\sts-4.30.0.RELEASE\plugins\org.eclipse.m2e.maven.runtime_3.9.900.20250220-2013\jars\wagon-http-shared-3.5.3.jar
2026-02-02 23:40:35,283 [Worker-1: Launching EVChargerSpringBoot] INFO  o.eclipse.m2e.core.internal.Bundles - 	Entry: C:\Users\Lenovo\Desktop\Cdac Codes\WPJ Module\sts-4.30.0.RELEASE\plugins\org.eclipse.m2e.maven.runtime_3.9.900.20250220-2013\jars\wagon-provider-api-3.5.3.jar
2026-02-02 23:40:35,285 [Worker-1: Launching EVChargerSpringBoot] INFO  o.eclipse.m2e.core.internal.Bundles - getClasspathEntries(Bundle=com.google.guava_33.4.0.jre [29])
2026-02-02 23:40:35,285 [Worker-1: Launching EVChargerSpringBoot] INFO  o.eclipse.m2e.core.internal.Bundles - 	Entry: C:\Users\Lenovo\Desktop\Cdac Codes\WPJ Module\sts-4.30.0.RELEASE\plugins\com.google.guava_33.4.0.jre.jar
2026-02-02 23:40:35,285 [Worker-1: Launching EVChargerSpringBoot] INFO  o.eclipse.m2e.core.internal.Bundles - getClasspathEntries(Bundle=slf4j.api_2.0.17 [608])
2026-02-02 23:40:35,286 [Worker-1: Launching EVChargerSpringBoot] INFO  o.eclipse.m2e.core.internal.Bundles - 	Entry: C:\Users\Lenovo\Desktop\Cdac Codes\WPJ Module\sts-4.30.0.RELEASE\plugins\slf4j.api_2.0.17.jar
2026-02-02 23:40:35,286 [Worker-1: Launching EVChargerSpringBoot] INFO  o.eclipse.m2e.core.internal.Bundles - getClasspathEntries(Bundle=javax.inject_1.0.0.v20220405-0441 [759])
2026-02-02 23:40:35,286 [Worker-1: Launching EVChargerSpringBoot] INFO  o.eclipse.m2e.core.internal.Bundles - 	Entry: C:\Users\Lenovo\Desktop\Cdac Codes\WPJ Module\sts-4.30.0.RELEASE\plugins\javax.inject_1.0.0.v20220405-0441.jar
2026-02-02 23:40:35,286 [Worker-1: Launching EVChargerSpringBoot] INFO  o.eclipse.m2e.core.internal.Bundles - getClasspathEntries(Bundle=javax.annotation_1.3.5.v20230504-0748 [758])
2026-02-02 23:40:35,287 [Worker-1: Launching EVChargerSpringBoot] INFO  o.eclipse.m2e.core.internal.Bundles - 	Entry: C:\Users\Lenovo\Desktop\Cdac Codes\WPJ Module\sts-4.30.0.RELEASE\plugins\javax.annotation_1.3.5.v20230504-0748.jar
2026-02-02 23:40:35,287 [Worker-1: Launching EVChargerSpringBoot] INFO  o.eclipse.m2e.core.internal.Bundles - getClasspathEntries(Bundle=org.apache.commons.cli_1.9.0 [77])
2026-02-02 23:40:35,287 [Worker-1: Launching EVChargerSpringBoot] INFO  o.eclipse.m2e.core.internal.Bundles - 	Entry: C:\Users\Lenovo\Desktop\Cdac Codes\WPJ Module\sts-4.30.0.RELEASE\plugins\org.apache.commons.cli_1.9.0.jar
2026-02-02 23:40:35,287 [Worker-1: Launching EVChargerSpringBoot] INFO  o.eclipse.m2e.core.internal.Bundles - getClasspathEntries(Bundle=org.apache.commons.commons-codec_1.16.0 [79])
2026-02-02 23:40:35,288 [Worker-1: Launching EVChargerSpringBoot] INFO  o.eclipse.m2e.core.internal.Bundles - 	Entry: C:\Users\Lenovo\Desktop\Cdac Codes\WPJ Module\sts-4.30.0.RELEASE\plugins\org.apache.commons.commons-codec_1.16.0.jar
2026-02-02 23:40:35,288 [Worker-1: Launching EVChargerSpringBoot] INFO  o.eclipse.m2e.core.internal.Bundles - getClasspathEntries(Bundle=com.google.guava.failureaccess_1.0.2 [30])
2026-02-02 23:40:35,288 [Worker-1: Launching EVChargerSpringBoot] INFO  o.eclipse.m2e.core.internal.Bundles - 	Entry: C:\Users\Lenovo\Desktop\Cdac Codes\WPJ Module\sts-4.30.0.RELEASE\plugins\com.google.guava.failureaccess_1.0.2.jar
2026-02-02 23:40:35,291 [Worker-1: Launching EVChargerSpringBoot] INFO  o.e.m.i.launch.MavenLaunchDelegate - Run build in "D:\final p\Fina dot plus front\EVChargerSpringBoot":
2026-02-02 23:40:35,295 [Worker-1: Launching EVChargerSpringBoot] INFO  o.e.m.i.launch.MavenLaunchDelegate -  mvn  -B -Dstyle.color=always clean compile
2026-02-03 10:49:44,391 [Worker-1: Loading available Gradle versions] INFO  o.e.b.c.i.u.g.PublishedGradleVersions - Gradle version information cache is up-to-date. Trying to read.
2026-02-04 11:40:17,332 [Worker-1: Loading available Gradle versions] INFO  o.e.b.c.i.u.g.PublishedGradleVersions - Gradle version information cache is out-of-date. Trying to update.
2026-02-04 14:12:32,074 [Worker-34: Building] INFO  o.a.m.s.f.DefaultMavenResourcesFiltering - Copying 1 resource from src\main\resources to target\classes
2026-02-04 14:12:32,114 [Worker-34: Building] INFO  o.a.m.s.f.DefaultMavenResourcesFiltering - Copying 0 resource from src\main\resources to target\classes
2026-02-04 14:12:32,117 [Worker-34: Building] INFO  o.a.m.s.f.DefaultMavenResourcesFiltering - skip non existing resourceDirectory D:\final p\Fina dot plus front\EVChargerSpringBoot\src\test\resources
2026-02-04 14:14:19,243 [Worker-34: Building] INFO  o.a.m.s.f.DefaultMavenResourcesFiltering - Copying 1 resource from src\main\resources to target\classes
2026-02-04 14:14:19,255 [Worker-34: Building] INFO  o.a.m.s.f.DefaultMavenResourcesFiltering - Copying 0 resource from src\main\resources to target\classes
2026-02-04 14:14:19,258 [Worker-34: Building] INFO  o.a.m.s.f.DefaultMavenResourcesFiltering - skip non existing resourceDirectory D:\final p\Fina dot plus front\EVChargerSpringBoot\src\test\resources
2026-02-04 14:14:26,936 [Worker-33: Building] INFO  o.a.m.s.f.DefaultMavenResourcesFiltering - Copying 1 resource from src\main\resources to target\classes
2026-02-04 14:14:26,941 [Worker-33: Building] INFO  o.a.m.s.f.DefaultMavenResourcesFiltering - Copying 0 resource from src\main\resources to target\classes
2026-02-04 14:14:26,944 [Worker-33: Building] INFO  o.a.m.s.f.DefaultMavenResourcesFiltering - skip non existing resourceDirectory D:\final p\Fina dot plus front\EVChargerSpringBoot\src\test\resources
2026-02-04 14:29:36,152 [Worker-37: Building] INFO  o.a.m.s.f.DefaultMavenResourcesFiltering - Copying 1 resource from src\main\resources to target\classes
2026-02-04 14:29:36,164 [Worker-37: Building] INFO  o.a.m.s.f.DefaultMavenResourcesFiltering - Copying 0 resource from src\main\resources to target\classes
2026-02-04 14:29:36,167 [Worker-37: Building] INFO  o.a.m.s.f.DefaultMavenResourcesFiltering - skip non existing resourceDirectory D:\final p\Fina dot plus front\EVChargerSpringBoot\src\test\resources
2026-02-04 14:29:38,970 [Worker-33: Building] INFO  o.a.m.s.f.DefaultMavenResourcesFiltering - Copying 1 resource from src\main\resources to target\classes
2026-02-04 14:29:38,976 [Worker-33: Building] INFO  o.a.m.s.f.DefaultMavenResourcesFiltering - Copying 0 resource from src\main\resources to target\classes
2026-02-04 14:29:38,979 [Worker-33: Building] INFO  o.a.m.s.f.DefaultMavenResourcesFiltering - skip non existing resourceDirectory D:\final p\Fina dot plus front\EVChargerSpringBoot\src\test\resources
2026-02-04 15:20:59,380 [Start Help Server] INFO  org.eclipse.jetty.server.Server - jetty-12.0.16; built: 2024-12-09T21:02:54.535Z; git: c3f88bafb4e393f23204dc14dc57b042e84debc7; jvm 21.0.6+7-LTS
2026-02-04 15:20:59,443 [Start Help Server] INFO  o.e.j.server.handler.ContextHandler - Started oeje8n.ContextHandler$CoreContextHandler@5d4f495c{/help,/help,b=null,a=AVAILABLE,h=oeje8n.ContextHandler$CoreContextHandler$CoreToNestedHandler@2c8baa2{STARTED}}
2026-02-04 15:20:59,445 [Start Help Server] INFO  o.e.j.s.DefaultSessionIdManager - Session workerName=node0
2026-02-04 15:20:59,459 [Start Help Server] INFO  o.e.jetty.server.AbstractConnector - Started ServerConnector@5aa6095f{HTTP/1.1, (http/1.1)}{127.0.0.1:56235}
2026-02-04 15:20:59,477 [Start Help Server] INFO  org.eclipse.jetty.server.Server - Started oejs.Server@6ad7b824{STARTING}[12.0.16,sto=0] @13335560ms
2026-02-04 15:46:25,967 [Worker-36: Building] INFO  o.a.m.s.f.DefaultMavenResourcesFiltering - Copying 1 resource from src\main\resources to target\classes
2026-02-04 15:46:25,983 [Worker-36: Building] INFO  o.a.m.s.f.DefaultMavenResourcesFiltering - Copying 0 resource from src\main\resources to target\classes
2026-02-04 15:46:25,985 [Worker-36: Building] INFO  o.a.m.s.f.DefaultMavenResourcesFiltering - skip non existing resourceDirectory D:\final p\Fina dot plus front\EVChargerSpringBoot\src\test\resources
2026-02-04 20:30:54,975 [Stop Help Server] INFO  org.eclipse.jetty.server.Server - Stopped oejs.Server@6ad7b824{STOPPING}[12.0.16,sto=0]
2026-02-04 20:30:55,154 [Stop Help Server] INFO  o.e.jetty.server.AbstractConnector - Stopped ServerConnector@5aa6095f{HTTP/1.1, (http/1.1)}{127.0.0.1:0}
2026-02-08 17:01:20,612 [Worker-5: Loading available Gradle versions] INFO  o.e.b.c.i.u.g.PublishedGradleVersions - Gradle version information cache is out-of-date. Trying to update.
2026-02-08 17:02:07,640 [Worker-20: Launching EVChargerSpringBoot - EVChargerApiApplication] INFO  o.a.m.s.f.DefaultMavenResourcesFiltering - Copying 1 resource from src\main\resources to target\classes
2026-02-08 17:02:07,673 [Worker-20: Launching EVChargerSpringBoot - EVChargerApiApplication] INFO  o.a.m.s.f.DefaultMavenResourcesFiltering - Copying 0 resource from src\main\resources to target\classes
2026-02-08 17:02:07,678 [Worker-20: Launching EVChargerSpringBoot - EVChargerApiApplication] INFO  o.a.m.s.f.DefaultMavenResourcesFiltering - skip non existing resourceDirectory D:\final p\Fina dot plus front\EVChargerSpringBoot\src\test\resources
